timestamp=datetime.datetime(2025, 9, 12, 21, 29, 30) category='Ausfuhr Flüss.' parameter='Dialyse' value=0.0 source_type=None time_range='10.09.2025 11:00 - 15.09.2025 07:59 117 h'
timestamp=datetime.datetime(2025, 9, 17, 18, 29, 30) category='Ausfuhr Flüss.' parameter='Dialyse' value=0.0 source_type=None time_range='15.09.2025 08:00 - 20.09.2025 04:59 117 h'
timestamp=datetime.datetime(2025, 9, 22, 15, 29, 30) category='Ausfuhr Flüss.' parameter='Dialyse' value=0.0 source_type=None time_range='20.09.2025 05:00 - 25.09.2025 01:59 117 h'
timestamp=datetime.datetime(2025, 9, 27, 14, 0) category='Ausfuhr Flüss.' parameter='Dialyse' value=-4400.0 source_type=None time_range='25.09.2025 02:00 - 30.09.2025 02:00 120 h'
timestamp=datetime.datetime(2025, 9, 12, 21, 29, 30) category='Ausfuhr Flüss.' parameter='Hämofiltration' value=-226.0 source_type=None time_range='10.09.2025 11:00 - 15.09.2025 07:59 117 h'
timestamp=datetime.datetime(2025, 9, 17, 18, 29, 30) category='Ausfuhr Flüss.' parameter='Hämofiltration' value=-13403.0 source_type=None time_range='15.09.2025 08:00 - 20.09.2025 04:59 117 h'
timestamp=datetime.datetime(2025, 9, 22, 15, 29, 30) category='Ausfuhr Flüss.' parameter='Hämofiltration' value=-13768.0 source_type=None time_range='20.09.2025 05:00 - 25.09.2025 01:59 117 h'
timestamp=datetime.datetime(2025, 9, 27, 14, 0) category='Ausfuhr Flüss.' parameter='Hämofiltration' value=-4567.0 source_type=None time_range='25.09.2025 02:00 - 30.09.2025 02:00 120 h'
timestamp=datetime.datetime(2025, 9, 12, 21, 29, 30) category='Ausfuhr Flüss.' parameter='Magensonde' value=0.0 source_type=None time_range='10.09.2025 11:00 - 15.09.2025 07:59 117 h'
timestamp=datetime.datetime(2025, 9, 17, 18, 29, 30) category='Ausfuhr Flüss.' parameter='Magensonde' value=-800.0 source_type=None time_range='15.09.2025 08:00 - 20.09.2025 04:59 117 h'
timestamp=datetime.datetime(2025, 9, 22, 15, 29, 30) category='Ausfuhr Flüss.' parameter='Magensonde' value=-100.0 source_type=None time_range='20.09.2025 05:00 - 25.09.2025 01:59 117 h'
timestamp=datetime.datetime(2025, 9, 27, 14, 0) category='Ausfuhr Flüss.' parameter='Magensonde' value=-150.0 source_type=None time_range='25.09.2025 02:00 - 30.09.2025 02:00 120 h'
timestamp=datetime.datetime(2025, 9, 12, 21, 29, 30) category='Ausfuhr Flüss.' parameter='Dauerkatheter' value=-255.0 source_type=None time_range='10.09.2025 11:00 - 15.09.2025 07:59 117 h'
timestamp=datetime.datetime(2025, 9, 17, 18, 29, 30) category='Ausfuhr Flüss.' parameter='Dauerkatheter' value=-145.0 source_type=None time_range='15.09.2025 08:00 - 20.09.2025 04:59 117 h'
timestamp=datetime.datetime(2025, 9, 22, 15, 29, 30) category='Ausfuhr Flüss.' parameter='Dauerkatheter' value=-480.0 source_type=None time_range='20.09.2025 05:00 - 25.09.2025 01:59 117 h'
timestamp=datetime.datetime(2025, 9, 27, 14, 0) category='Ausfuhr Flüss.' parameter='Dauerkatheter' value=-3395.0 source_type=None time_range='25.09.2025 02:00 - 30.09.2025 02:00 120 h'
timestamp=datetime.datetime(2025, 9, 12, 21, 29, 30) category='Ausfuhr kolloid' parameter='Pleuradrainage rechts' value=0.0 source_type=None time_range='10.09.2025 11:00 - 15.09.2025 07:59 117 h'
timestamp=datetime.datetime(2025, 9, 17, 18, 29, 30) category='Ausfuhr kolloid' parameter='Pleuradrainage rechts' value=-200.0 source_type=None time_range='15.09.2025 08:00 - 20.09.2025 04:59 117 h'
timestamp=datetime.datetime(2025, 9, 22, 15, 29, 30) category='Ausfuhr kolloid' parameter='Pleuradrainage rechts' value=-350.0 source_type=None time_range='20.09.2025 05:00 - 25.09.2025 01:59 117 h'
timestamp=datetime.datetime(2025, 9, 27, 14, 0) category='Ausfuhr kolloid' parameter='Pleuradrainage rechts' value=0.0 source_type=None time_range='25.09.2025 02:00 - 30.09.2025 02:00 120 h'
timestamp=datetime.datetime(2025, 9, 12, 21, 29, 30) category='Ausfuhr kolloid' parameter='Redon links' value=0.0 source_type=None time_range='10.09.2025 11:00 - 15.09.2025 07:59 117 h'
timestamp=datetime.datetime(2025, 9, 17, 18, 29, 30) category='Ausfuhr kolloid' parameter='Redon links' value=-100.0 source_type=None time_range='15.09.2025 08:00 - 20.09.2025 04:59 117 h'
timestamp=datetime.datetime(2025, 9, 22, 15, 29, 30) category='Ausfuhr kolloid' parameter='Redon links' value=0.0 source_type=None time_range='20.09.2025 05:00 - 25.09.2025 01:59 117 h'
timestamp=datetime.datetime(2025, 9, 27, 14, 0) category='Ausfuhr kolloid' parameter='Redon links' value=0.0 source_type=None time_range='25.09.2025 02:00 - 30.09.2025 02:00 120 h'
timestamp=datetime.datetime(2025, 9, 12, 21, 29, 30) category='Ausfuhr kolloid' parameter='Redon rechts' value=0.0 source_type=None time_range='10.09.2025 11:00 - 15.09.2025 07:59 117 h'
timestamp=datetime.datetime(2025, 9, 17, 18, 29, 30) category='Ausfuhr kolloid' parameter='Redon rechts' value=-160.0 source_type=None time_range='15.09.2025 08:00 - 20.09.2025 04:59 117 h'
timestamp=datetime.datetime(2025, 9, 22, 15, 29, 30) category='Ausfuhr kolloid' parameter='Redon rechts' value=0.0 source_type=None time_range='20.09.2025 05:00 - 25.09.2025 01:59 117 h'
timestamp=datetime.datetime(2025, 9, 27, 14, 0) category='Ausfuhr kolloid' parameter='Redon rechts' value=0.0 source_type=None time_range='25.09.2025 02:00 - 30.09.2025 02:00 120 h'
timestamp=datetime.datetime(2025, 9, 12, 21, 29, 30) category='Einfuhr Flüss.' parameter='Medikamente' value=250.0 source_type=None time_range='10.09.2025 11:00 - 15.09.2025 07:59 117 h'
timestamp=datetime.datetime(2025, 9, 17, 18, 29, 30) category='Einfuhr Flüss.' parameter='Medikamente' value=350.0 source_type=None time_range='15.09.2025 08:00 - 20.09.2025 04:59 117 h'
timestamp=datetime.datetime(2025, 9, 22, 15, 29, 30) category='Einfuhr Flüss.' parameter='Medikamente' value=0.0 source_type=None time_range='20.09.2025 05:00 - 25.09.2025 01:59 117 h'
timestamp=datetime.datetime(2025, 9, 27, 14, 0) category='Einfuhr Flüss.' parameter='Medikamente' value=500.0 source_type=None time_range='25.09.2025 02:00 - 30.09.2025 02:00 120 h'
timestamp=datetime.datetime(2025, 9, 12, 21, 29, 30) category='Einfuhr Flüss.' parameter='Flüssigkeit/Trinken' value=0.0 source_type=None time_range='10.09.2025 11:00 - 15.09.2025 07:59 117 h'
timestamp=datetime.datetime(2025, 9, 17, 18, 29, 30) category='Einfuhr Flüss.' parameter='Flüssigkeit/Trinken' value=0.0 source_type=None time_range='15.09.2025 08:00 - 20.09.2025 04:59 117 h'
timestamp=datetime.datetime(2025, 9, 22, 15, 29, 30) category='Einfuhr Flüss.' parameter='Flüssigkeit/Trinken' value=0.0 source_type=None time_range='20.09.2025 05:00 - 25.09.2025 01:59 117 h'
timestamp=datetime.datetime(2025, 9, 27, 14, 0) category='Einfuhr Flüss.' parameter='Flüssigkeit/Trinken' value=670.0 source_type=None time_range='25.09.2025 02:00 - 30.09.2025 02:00 120 h'
timestamp=datetime.datetime(2025, 9, 12, 21, 29, 30) category='Einfuhr Flüss.' parameter='Infusion' value=19150.0 source_type=None time_range='10.09.2025 11:00 - 15.09.2025 07:59 117 h'
timestamp=datetime.datetime(2025, 9, 17, 18, 29, 30) category='Einfuhr Flüss.' parameter='Infusion' value=6100.0 source_type=None time_range='15.09.2025 08:00 - 20.09.2025 04:59 117 h'
timestamp=datetime.datetime(2025, 9, 22, 15, 29, 30) category='Einfuhr Flüss.' parameter='Infusion' value=3600.0 source_type=None time_range='20.09.2025 05:00 - 25.09.2025 01:59 117 h'
timestamp=datetime.datetime(2025, 9, 27, 14, 0) category='Einfuhr Flüss.' parameter='Infusion' value=3000.0 source_type=None time_range='25.09.2025 02:00 - 30.09.2025 02:00 120 h'
timestamp=datetime.datetime(2025, 9, 12, 21, 29, 30) category='Einfuhr Flüss.' parameter='Medikament' value=248.0 source_type=None time_range='10.09.2025 11:00 - 15.09.2025 07:59 117 h'
timestamp=datetime.datetime(2025, 9, 17, 18, 29, 30) category='Einfuhr Flüss.' parameter='Medikament' value=338.0 source_type=None time_range='15.09.2025 08:00 - 20.09.2025 04:59 117 h'
timestamp=datetime.datetime(2025, 9, 22, 15, 29, 30) category='Einfuhr Flüss.' parameter='Medikament' value=327.3 source_type=None time_range='20.09.2025 05:00 - 25.09.2025 01:59 117 h'
timestamp=datetime.datetime(2025, 9, 27, 14, 0) category='Einfuhr Flüss.' parameter='Medikament' value=163.6 source_type=None time_range='25.09.2025 02:00 - 30.09.2025 02:00 120 h'
timestamp=datetime.datetime(2025, 9, 12, 21, 29, 30) category='Einfuhr Flüss.' parameter='Perfusor' value=1178.08 source_type=None time_range='10.09.2025 11:00 - 15.09.2025 07:59 117 h'
timestamp=datetime.datetime(2025, 9, 17, 18, 29, 30) category='Einfuhr Flüss.' parameter='Perfusor' value=4691.68 source_type=None time_range='15.09.2025 08:00 - 20.09.2025 04:59 117 h'
timestamp=datetime.datetime(2025, 9, 22, 15, 29, 30) category='Einfuhr Flüss.' parameter='Perfusor' value=3644.55 source_type=None time_range='20.09.2025 05:00 - 25.09.2025 01:59 117 h'
timestamp=datetime.datetime(2025, 9, 27, 14, 0) category='Einfuhr Flüss.' parameter='Perfusor' value=2632.58 source_type=None time_range='25.09.2025 02:00 - 30.09.2025 02:00 120 h'
timestamp=datetime.datetime(2025, 9, 12, 21, 29, 30) category='Einfuhr Flüss.' parameter='Sondenkost' value=0.0 source_type=None time_range='10.09.2025 11:00 - 15.09.2025 07:59 117 h'
timestamp=datetime.datetime(2025, 9, 17, 18, 29, 30) category='Einfuhr Flüss.' parameter='Sondenkost' value=3365.44 source_type=None time_range='15.09.2025 08:00 - 20.09.2025 04:59 117 h'
timestamp=datetime.datetime(2025, 9, 22, 15, 29, 30) category='Einfuhr Flüss.' parameter='Sondenkost' value=4429.85 source_type=None time_range='20.09.2025 05:00 - 25.09.2025 01:59 117 h'
timestamp=datetime.datetime(2025, 9, 27, 14, 0) category='Einfuhr Flüss.' parameter='Sondenkost' value=3057.01 source_type=None time_range='25.09.2025 02:00 - 30.09.2025 02:00 120 h'
timestamp=datetime.datetime(2025, 9, 12, 21, 29, 30) category='Einfuhr Flüss.' parameter='Tee' value=0.0 source_type=None time_range='10.09.2025 11:00 - 15.09.2025 07:59 117 h'
timestamp=datetime.datetime(2025, 9, 17, 18, 29, 30) category='Einfuhr Flüss.' parameter='Tee' value=0.0 source_type=None time_range='15.09.2025 08:00 - 20.09.2025 04:59 117 h'
timestamp=datetime.datetime(2025, 9, 22, 15, 29, 30) category='Einfuhr Flüss.' parameter='Tee' value=0.0 source_type=None time_range='20.09.2025 05:00 - 25.09.2025 01:59 117 h'
timestamp=datetime.datetime(2025, 9, 27, 14, 0) category='Einfuhr Flüss.' parameter='Tee' value=200.0 source_type=None time_range='25.09.2025 02:00 - 30.09.2025 02:00 120 h'
timestamp=datetime.datetime(2025, 9, 12, 21, 29, 30) category='Einfuhr kolloid' parameter='Blutersatz' value=1720.0 source_type=None time_range='10.09.2025 11:00 - 15.09.2025 07:59 117 h'
timestamp=datetime.datetime(2025, 9, 17, 18, 29, 30) category='Einfuhr kolloid' parameter='Blutersatz' value=4610.0 source_type=None time_range='15.09.2025 08:00 - 20.09.2025 04:59 117 h'
timestamp=datetime.datetime(2025, 9, 22, 15, 29, 30) category='Einfuhr kolloid' parameter='Blutersatz' value=250.0 source_type=None time_range='20.09.2025 05:00 - 25.09.2025 01:59 117 h'
timestamp=datetime.datetime(2025, 9, 27, 14, 0) category='Einfuhr kolloid' parameter='Blutersatz' value=0.0 source_type=None time_range='25.09.2025 02:00 - 30.09.2025 02:00 120 h'
timestamp=datetime.datetime(2025, 9, 12, 21, 29, 30) category='Nährwertangaben' parameter='Brennwert' value=0.0 source_type=None time_range='10.09.2025 11:00 - 15.09.2025 07:59 117 h'
timestamp=datetime.datetime(2025, 9, 17, 18, 29, 30) category='Nährwertangaben' parameter='Brennwert' value=6765.45 source_type=None time_range='15.09.2025 08:00 - 20.09.2025 04:59 117 h'
timestamp=datetime.datetime(2025, 9, 22, 15, 29, 30) category='Nährwertangaben' parameter='Brennwert' value=8900.65 source_type=None time_range='20.09.2025 05:00 - 25.09.2025 01:59 117 h'
timestamp=datetime.datetime(2025, 9, 27, 14, 0) category='Nährwertangaben' parameter='Brennwert' value=6594.9 source_type=None time_range='25.09.2025 02:00 - 30.09.2025 02:00 120 h'
timestamp=datetime.datetime(2025, 9, 12, 21, 29, 30) category='Nährwertangaben' parameter='Calcium' value=41.1 source_type=None time_range='10.09.2025 11:00 - 15.09.2025 07:59 117 h'
timestamp=datetime.datetime(2025, 9, 17, 18, 29, 30) category='Nährwertangaben' parameter='Calcium' value=4.8 source_type=None time_range='15.09.2025 08:00 - 20.09.2025 04:59 117 h'
timestamp=datetime.datetime(2025, 9, 22, 15, 29, 30) category='Nährwertangaben' parameter='Calcium' value=0.8 source_type=None time_range='20.09.2025 05:00 - 25.09.2025 01:59 117 h'
timestamp=datetime.datetime(2025, 9, 27, 14, 0) category='Nährwertangaben' parameter='Calcium' value=0.8 source_type=None time_range='25.09.2025 02:00 - 30.09.2025 02:00 120 h'
timestamp=datetime.datetime(2025, 9, 12, 21, 29, 30) category='Nährwertangaben' parameter='Chlorid' value=2083.41 source_type=None time_range='10.09.2025 11:00 - 15.09.2025 07:59 117 h'
timestamp=datetime.datetime(2025, 9, 17, 18, 29, 30) category='Nährwertangaben' parameter='Chlorid' value=539.92 source_type=None time_range='15.09.2025 08:00 - 20.09.2025 04:59 117 h'
timestamp=datetime.datetime(2025, 9, 22, 15, 29, 30) category='Nährwertangaben' parameter='Chlorid' value=286.16 source_type=None time_range='20.09.2025 05:00 - 25.09.2025 01:59 117 h'
timestamp=datetime.datetime(2025, 9, 27, 14, 0) category='Nährwertangaben' parameter='Chlorid' value=116.42 source_type=None time_range='25.09.2025 02:00 - 30.09.2025 02:00 120 h'
timestamp=datetime.datetime(2025, 9, 12, 21, 29, 30) category='Nährwertangaben' parameter='Eiweiß' value=0.0 source_type=None time_range='10.09.2025 11:00 - 15.09.2025 07:59 117 h'
timestamp=datetime.datetime(2025, 9, 17, 18, 29, 30) category='Nährwertangaben' parameter='Eiweiß' value=252.41 source_type=None time_range='15.09.2025 08:00 - 20.09.2025 04:59 117 h'
timestamp=datetime.datetime(2025, 9, 22, 15, 29, 30) category='Nährwertangaben' parameter='Eiweiß' value=332.24 source_type=None time_range='20.09.2025 05:00 - 25.09.2025 01:59 117 h'
timestamp=datetime.datetime(2025, 9, 27, 14, 0) category='Nährwertangaben' parameter='Eiweiß' value=263.68 source_type=None time_range='25.09.2025 02:00 - 30.09.2025 02:00 120 h'
timestamp=datetime.datetime(2025, 9, 12, 21, 29, 30) category='Nährwertangaben' parameter='Fett' value=0.0 source_type=None time_range='10.09.2025 11:00 - 15.09.2025 07:59 117 h'
timestamp=datetime.datetime(2025, 9, 17, 18, 29, 30) category='Nährwertangaben' parameter='Fett' value=336.54 source_type=None time_range='15.09.2025 08:00 - 20.09.2025 04:59 117 h'
timestamp=datetime.datetime(2025, 9, 22, 15, 29, 30) category='Nährwertangaben' parameter='Fett' value=443.99 source_type=None time_range='20.09.2025 05:00 - 25.09.2025 01:59 117 h'
timestamp=datetime.datetime(2025, 9, 27, 14, 0) category='Nährwertangaben' parameter='Fett' value=316.2 source_type=None time_range='25.09.2025 02:00 - 30.09.2025 02:00 120 h'
timestamp=datetime.datetime(2025, 9, 12, 21, 29, 30) category='Nährwertangaben' parameter='Kalium' value=122.41 source_type=None time_range='10.09.2025 11:00 - 15.09.2025 07:59 117 h'
timestamp=datetime.datetime(2025, 9, 17, 18, 29, 30) category='Nährwertangaben' parameter='Kalium' value=221.61 source_type=None time_range='15.09.2025 08:00 - 20.09.2025 04:59 117 h'
timestamp=datetime.datetime(2025, 9, 22, 15, 29, 30) category='Nährwertangaben' parameter='Kalium' value=233.16 source_type=None time_range='20.09.2025 05:00 - 25.09.2025 01:59 117 h'
timestamp=datetime.datetime(2025, 9, 27, 14, 0) category='Nährwertangaben' parameter='Kalium' value=63.42 source_type=None time_range='25.09.2025 02:00 - 30.09.2025 02:00 120 h'
timestamp=datetime.datetime(2025, 9, 12, 21, 29, 30) category='Nährwertangaben' parameter='Kohlenhydrate' value=0.0 source_type=None time_range='10.09.2025 11:00 - 15.09.2025 07:59 117 h'
timestamp=datetime.datetime(2025, 9, 17, 18, 29, 30) category='Nährwertangaben' parameter='Kohlenhydrate' value=676.45 source_type=None time_range='15.09.2025 08:00 - 20.09.2025 04:59 117 h'
timestamp=datetime.datetime(2025, 9, 22, 15, 29, 30) category='Nährwertangaben' parameter='Kohlenhydrate' value=890.4 source_type=None time_range='20.09.2025 05:00 - 25.09.2025 01:59 117 h'
timestamp=datetime.datetime(2025, 9, 27, 14, 0) category='Nährwertangaben' parameter='Kohlenhydrate' value=664.46 source_type=None time_range='25.09.2025 02:00 - 30.09.2025 02:00 120 h'
timestamp=datetime.datetime(2025, 9, 12, 21, 29, 30) category='Nährwertangaben' parameter='Magnesium' value=22.2 source_type=None time_range='10.09.2025 11:00 - 15.09.2025 07:59 117 h'
timestamp=datetime.datetime(2025, 9, 17, 18, 29, 30) category='Nährwertangaben' parameter='Magnesium' value=3.6 source_type=None time_range='15.09.2025 08:00 - 20.09.2025 04:59 117 h'
timestamp=datetime.datetime(2025, 9, 22, 15, 29, 30) category='Nährwertangaben' parameter='Magnesium' value=0.6 source_type=None time_range='20.09.2025 05:00 - 25.09.2025 01:59 117 h'
timestamp=datetime.datetime(2025, 9, 27, 14, 0) category='Nährwertangaben' parameter='Magnesium' value=0.6 source_type=None time_range='25.09.2025 02:00 - 30.09.2025 02:00 120 h'
timestamp=datetime.datetime(2025, 9, 12, 21, 29, 30) category='Nährwertangaben' parameter='Natrium' value=2534.5 source_type=None time_range='10.09.2025 11:00 - 15.09.2025 07:59 117 h'
timestamp=datetime.datetime(2025, 9, 17, 18, 29, 30) category='Nährwertangaben' parameter='Natrium' value=411.3 source_type=None time_range='15.09.2025 08:00 - 20.09.2025 04:59 117 h'
timestamp=datetime.datetime(2025, 9, 22, 15, 29, 30) category='Nährwertangaben' parameter='Natrium' value=68.5 source_type=None time_range='20.09.2025 05:00 - 25.09.2025 01:59 117 h'
timestamp=datetime.datetime(2025, 9, 27, 14, 0) category='Nährwertangaben' parameter='Natrium' value=68.5 source_type=None time_range='25.09.2025 02:00 - 30.09.2025 02:00 120 h'
